<?xml version="1.0" encoding="UTF-8"?>
<!-- Generated by org.testng.reporters.JUnitXMLReporter -->
<testsuite ignored="0" hostname="BRILAP3145" failures="0" tests="3" name="Default test" time="0.078" errors="0" timestamp="2021-06-28T10:39:27 IST">
  <testcase classname="day1.AnnotationsExample" name="tc1" time="0.009"/>
  <testcase classname="day1.AnnotationsExample" name="tc3" time="0.006"/>
  <testcase classname="day1.AnnotationsExample" name="tc2" time="0.001"/>
</testsuite> <!-- Default test -->
