<?xml version="1.0" encoding="UTF-8"?>
<testng-results ignored="0" total="2" passed="2" failed="0" skipped="0">
  <reporter-output>
  </reporter-output>
  <suite started-at="2021-07-14T12:15:41 IST" name="Default suite" finished-at="2021-07-14T12:16:21 IST" duration-ms="39229">
    <groups>
    </groups>
    <test started-at="2021-07-14T12:15:41 IST" name="Default test" finished-at="2021-07-14T12:16:21 IST" duration-ms="39229">
      <class name="com.testClass.data.FlipkartSearch">
        <test-method is-config="true" signature="setup()[pri:0, instance:com.testClass.data.FlipkartSearch@18d87d80]" started-at="2021-07-14T12:15:41 IST" name="setup" finished-at="2021-07-14T12:15:59 IST" duration-ms="17681" status="PASS">
          <reporter-output>
          </reporter-output>
        </test-method> <!-- setup -->
        <test-method signature="product()[pri:1, instance:com.testClass.data.FlipkartSearch@18d87d80]" started-at="2021-07-14T12:15:59 IST" name="product" finished-at="2021-07-14T12:16:09 IST" duration-ms="9664" status="PASS">
          <reporter-output>
          </reporter-output>
        </test-method> <!-- product -->
        <test-method signature="cart()[pri:2, instance:com.testClass.data.FlipkartSearch@18d87d80]" started-at="2021-07-14T12:16:09 IST" name="cart" finished-at="2021-07-14T12:16:20 IST" duration-ms="10861" status="PASS">
          <reporter-output>
          </reporter-output>
        </test-method> <!-- cart -->
        <test-method is-config="true" signature="aftertest()[pri:0, instance:com.testClass.data.FlipkartSearch@18d87d80]" started-at="2021-07-14T12:16:20 IST" name="aftertest" finished-at="2021-07-14T12:16:21 IST" duration-ms="931" status="PASS">
          <reporter-output>
          </reporter-output>
        </test-method> <!-- aftertest -->
      </class> <!-- com.testClass.data.FlipkartSearch -->
    </test> <!-- Default test -->
  </suite> <!-- Default suite -->
</testng-results>
