<?xml version="1.0" encoding="UTF-8"?>
<testng-results ignored="0" total="4" passed="4" failed="0" skipped="0">
  <reporter-output>
  </reporter-output>
  <suite started-at="2021-07-14T08:21:01 IST" name="Suite" finished-at="2021-07-14T08:21:19 IST" duration-ms="18516">
    <groups>
    </groups>
    <test started-at="2021-07-14T08:21:01 IST" name="ChromeTest" finished-at="2021-07-14T08:21:15 IST" duration-ms="13838">
      <class name="tests.TestClass">
        <test-method is-config="true" signature="setup(java.lang.String)[pri:0, instance:tests.TestClass@3e11f9e9]" started-at="2021-07-14T08:21:01 IST" name="setup" finished-at="2021-07-14T08:21:07 IST" duration-ms="5943" status="PASS">
          <params>
            <param index="0">
              <value>
                <![CDATA[chrome]]>
              </value>
            </param>
          </params>
          <reporter-output>
          </reporter-output>
        </test-method> <!-- setup -->
        <test-method signature="enter_UserDetails(java.lang.String, java.lang.String)[pri:1, instance:tests.TestClass@3e11f9e9]" started-at="2021-07-14T08:21:08 IST" name="enter_UserDetails" data-provider="inputdata" finished-at="2021-07-14T08:21:12 IST" duration-ms="3209" status="PASS">
          <params>
            <param index="0">
              <value>
                <![CDATA[admin]]>
              </value>
            </param>
            <param index="1">
              <value>
                <![CDATA[admin]]>
              </value>
            </param>
          </params>
          <reporter-output>
          </reporter-output>
        </test-method> <!-- enter_UserDetails -->
        <test-method signature="enter_UserDetails(java.lang.String, java.lang.String)[pri:1, instance:tests.TestClass@3e11f9e9]" started-at="2021-07-14T08:21:12 IST" name="enter_UserDetails" data-provider="inputdata" finished-at="2021-07-14T08:21:15 IST" duration-ms="3078" status="PASS">
          <params>
            <param index="0">
              <value>
                <![CDATA[jsmith]]>
              </value>
            </param>
            <param index="1">
              <value>
                <![CDATA[demo1234]]>
              </value>
            </param>
          </params>
          <reporter-output>
          </reporter-output>
        </test-method> <!-- enter_UserDetails -->
        <test-method is-config="true" signature="teardown()[pri:0, instance:tests.TestClass@3e11f9e9]" started-at="2021-07-14T08:21:15 IST" name="teardown" finished-at="2021-07-14T08:21:15 IST" duration-ms="107" status="PASS">
          <reporter-output>
          </reporter-output>
        </test-method> <!-- teardown -->
      </class> <!-- tests.TestClass -->
    </test> <!-- ChromeTest -->
    <test started-at="2021-07-14T08:21:01 IST" name="FirefoxTest" finished-at="2021-07-14T08:21:19 IST" duration-ms="18516">
      <class name="tests.TestClass">
        <test-method is-config="true" signature="setup(java.lang.String)[pri:0, instance:tests.TestClass@58695725]" started-at="2021-07-14T08:21:01 IST" name="setup" finished-at="2021-07-14T08:21:12 IST" duration-ms="11121" status="PASS">
          <params>
            <param index="0">
              <value>
                <![CDATA[firefox]]>
              </value>
            </param>
          </params>
          <reporter-output>
          </reporter-output>
        </test-method> <!-- setup -->
        <test-method signature="enter_UserDetails(java.lang.String, java.lang.String)[pri:1, instance:tests.TestClass@58695725]" started-at="2021-07-14T08:21:12 IST" name="enter_UserDetails" data-provider="inputdata" finished-at="2021-07-14T08:21:15 IST" duration-ms="2850" status="PASS">
          <params>
            <param index="0">
              <value>
                <![CDATA[admin]]>
              </value>
            </param>
            <param index="1">
              <value>
                <![CDATA[admin]]>
              </value>
            </param>
          </params>
          <reporter-output>
          </reporter-output>
        </test-method> <!-- enter_UserDetails -->
        <test-method signature="enter_UserDetails(java.lang.String, java.lang.String)[pri:1, instance:tests.TestClass@58695725]" started-at="2021-07-14T08:21:15 IST" name="enter_UserDetails" data-provider="inputdata" finished-at="2021-07-14T08:21:18 IST" duration-ms="2827" status="PASS">
          <params>
            <param index="0">
              <value>
                <![CDATA[jsmith]]>
              </value>
            </param>
            <param index="1">
              <value>
                <![CDATA[demo1234]]>
              </value>
            </param>
          </params>
          <reporter-output>
          </reporter-output>
        </test-method> <!-- enter_UserDetails -->
        <test-method is-config="true" signature="teardown()[pri:0, instance:tests.TestClass@58695725]" started-at="2021-07-14T08:21:18 IST" name="teardown" finished-at="2021-07-14T08:21:19 IST" duration-ms="1595" status="PASS">
          <reporter-output>
          </reporter-output>
        </test-method> <!-- teardown -->
      </class> <!-- tests.TestClass -->
    </test> <!-- FirefoxTest -->
  </suite> <!-- Suite -->
</testng-results>
